The system is: Windows - 10.0.22621 - AMD64
Compiling the C compiler identification source file "CMakeCCompilerId.c" succeeded.
Compiler: D:/Program Files/Microsoft Visual Studio/2022/Community/VC/Tools/MSVC/14.33.31629/bin/Hostx64/x64/cl.exe 
Build flags: 
Id flags:  

The output was:
0
用于 x64 的 Microsoft (R) C/C++ 优化编译器 19.33.31630 版
版权所有(C) Microsoft Corporation。保留所有权利。

CMakeCCompilerId.c
Microsoft (R) Incremental Linker Version 14.33.31630.0
Copyright (C) Microsoft Corporation.  All rights reserved.

/out:CMakeCCompilerId.exe 
CMakeCCompilerId.obj 


Compilation of the C compiler identification source "CMakeCCompilerId.c" produced "CMakeCCompilerId.exe"

Compilation of the C compiler identification source "CMakeCCompilerId.c" produced "CMakeCCompilerId.obj"

The C compiler identification is MSVC, found in "E:/CodeProjects/LearnOpenGL/cmake-build-debug/CMakeFiles/3.25.2/CompilerIdC/CMakeCCompilerId.exe"

Compiling the CXX compiler identification source file "CMakeCXXCompilerId.cpp" succeeded.
Compiler: D:/Program Files/Microsoft Visual Studio/2022/Community/VC/Tools/MSVC/14.33.31629/bin/Hostx64/x64/cl.exe 
Build flags: 
Id flags:  

The output was:
0
用于 x64 的 Microsoft (R) C/C++ 优化编译器 19.33.31630 版
版权所有(C) Microsoft Corporation。保留所有权利。

CMakeCXXCompilerId.cpp
Microsoft (R) Incremental Linker Version 14.33.31630.0
Copyright (C) Microsoft Corporation.  All rights reserved.

/out:CMakeCXXCompilerId.exe 
CMakeCXXCompilerId.obj 


Compilation of the CXX compiler identification source "CMakeCXXCompilerId.cpp" produced "CMakeCXXCompilerId.exe"

Compilation of the CXX compiler identification source "CMakeCXXCompilerId.cpp" produced "CMakeCXXCompilerId.obj"

The CXX compiler identification is MSVC, found in "E:/CodeProjects/LearnOpenGL/cmake-build-debug/CMakeFiles/3.25.2/CompilerIdCXX/CMakeCXXCompilerId.exe"

Detecting C compiler ABI info compiled with the following output:
Change Dir: E:/CodeProjects/LearnOpenGL/cmake-build-debug/CMakeFiles/CMakeScratch/TryCompile-34narc

Run Build Command(s):nmake -f Makefile /nologo cmTC_0f255\fast && 	"D:\Program Files\Microsoft Visual Studio\2022\Community\VC\Tools\MSVC\14.33.31629\bin\HostX64\x64\nmake.exe"  -f CMakeFiles\cmTC_0f255.dir\build.make /nologo -L                  CMakeFiles\cmTC_0f255.dir\build
Building C object CMakeFiles/cmTC_0f255.dir/CMakeCCompilerABI.c.obj
	"D:\Program Files\JetBrains\CLion 2023.1.2\bin\cmake\win\x64\bin\cmake.exe" -E cmake_cl_compile_depends --dep-file=CMakeFiles\cmTC_0f255.dir\CMakeCCompilerABI.c.obj.d --working-dir=E:\CodeProjects\LearnOpenGL\cmake-build-debug\CMakeFiles\CMakeScratch\TryCompile-34narc --filter-prefix="注意: 包含文件:  " -- D:\PROGRA~2\MICROS~1\2022\COMMUN~1\VC\Tools\MSVC\1433~1.316\bin\Hostx64\x64\cl.exe @C:\Users\13500\AppData\Local\Temp\nmF738.tmp
CMakeCCompilerABI.c
?鈷? 鍖呭惈鏂囦欢:  D:\Program Files\JetBrains\CLion 2023.1.2\bin\cmake\win\x64\share\cmake-3.25\Modules\CMakeCompilerABI.h
Linking C executable cmTC_0f255.exe
	"D:\Program Files\JetBrains\CLion 2023.1.2\bin\cmake\win\x64\bin\cmake.exe" -E vs_link_exe --intdir=CMakeFiles\cmTC_0f255.dir --rc=C:\PROGRA~2\WI3CF2~1\10\bin\100190~1.0\x64\rc.exe --mt=C:\PROGRA~2\WI3CF2~1\10\bin\100190~1.0\x64\mt.exe --manifests -- D:\PROGRA~2\MICROS~1\2022\COMMUN~1\VC\Tools\MSVC\1433~1.316\bin\Hostx64\x64\link.exe /nologo @CMakeFiles\cmTC_0f255.dir\objects1 @C:\Users\13500\AppData\Local\Temp\nmF94C.tmp



Detecting CXX compiler ABI info compiled with the following output:
Change Dir: E:/CodeProjects/LearnOpenGL/cmake-build-debug/CMakeFiles/CMakeScratch/TryCompile-ykgme9

Run Build Command(s):nmake -f Makefile /nologo cmTC_e6208\fast && 	"D:\Program Files\Microsoft Visual Studio\2022\Community\VC\Tools\MSVC\14.33.31629\bin\HostX64\x64\nmake.exe"  -f CMakeFiles\cmTC_e6208.dir\build.make /nologo -L                  CMakeFiles\cmTC_e6208.dir\build
Building CXX object CMakeFiles/cmTC_e6208.dir/CMakeCXXCompilerABI.cpp.obj
	"D:\Program Files\JetBrains\CLion 2023.1.2\bin\cmake\win\x64\bin\cmake.exe" -E cmake_cl_compile_depends --dep-file=CMakeFiles\cmTC_e6208.dir\CMakeCXXCompilerABI.cpp.obj.d --working-dir=E:\CodeProjects\LearnOpenGL\cmake-build-debug\CMakeFiles\CMakeScratch\TryCompile-ykgme9 --filter-prefix="注意: 包含文件:  " -- D:\PROGRA~2\MICROS~1\2022\COMMUN~1\VC\Tools\MSVC\1433~1.316\bin\Hostx64\x64\cl.exe @C:\Users\13500\AppData\Local\Temp\nmFC49.tmp
CMakeCXXCompilerABI.cpp
?鈷? 鍖呭惈鏂囦欢:  D:\Program Files\JetBrains\CLion 2023.1.2\bin\cmake\win\x64\share\cmake-3.25\Modules\CMakeCompilerABI.h
Linking CXX executable cmTC_e6208.exe
	"D:\Program Files\JetBrains\CLion 2023.1.2\bin\cmake\win\x64\bin\cmake.exe" -E vs_link_exe --intdir=CMakeFiles\cmTC_e6208.dir --rc=C:\PROGRA~2\WI3CF2~1\10\bin\100190~1.0\x64\rc.exe --mt=C:\PROGRA~2\WI3CF2~1\10\bin\100190~1.0\x64\mt.exe --manifests -- D:\PROGRA~2\MICROS~1\2022\COMMUN~1\VC\Tools\MSVC\1433~1.316\bin\Hostx64\x64\link.exe /nologo @CMakeFiles\cmTC_e6208.dir\objects1 @C:\Users\13500\AppData\Local\Temp\nmFD34.tmp



